<?xml version="1.0" encoding="UTF-8"?>
<testng-results skipped="0" failed="1" ignored="0" total="2" passed="1">
  <reporter-output>
  </reporter-output>
  <suite name="Default suite" duration-ms="242514" started-at="2020-01-15T07:23:06Z" finished-at="2020-01-15T07:27:08Z">
    <groups>
    </groups>
    <test name="Default test" duration-ms="242514" started-at="2020-01-15T07:23:06Z" finished-at="2020-01-15T07:27:08Z">
      <class name="Boutiqaat.Boutiqaat.TestBaseBoutiqaat">
        <test-method status="PASS" signature="extentReportSetup()[pri:0, instance:Boutiqaat.Boutiqaat.TestBaseBoutiqaat@32709393]" name="extentReportSetup" is-config="true" duration-ms="217" started-at="2020-01-15T12:53:06Z" finished-at="2020-01-15T12:53:06Z">
          <reporter-output>
          </reporter-output>
        </test-method> <!-- extentReportSetup -->
        <test-method status="PASS" signature="AppiumSetUp()[pri:0, instance:Boutiqaat.Boutiqaat.TestBaseBoutiqaat@32709393]" name="AppiumSetUp" is-config="true" duration-ms="23807" started-at="2020-01-15T12:53:06Z" finished-at="2020-01-15T12:53:30Z">
          <reporter-output>
          </reporter-output>
        </test-method> <!-- AppiumSetUp -->
        <test-method status="PASS" signature="navigateBoutiqaatBanner()[pri:1, instance:Boutiqaat.Boutiqaat.TestBaseBoutiqaat@32709393]" name="navigateBoutiqaatBanner" duration-ms="20220" started-at="2020-01-15T12:53:30Z" finished-at="2020-01-15T12:53:50Z">
          <reporter-output>
          </reporter-output>
        </test-method> <!-- navigateBoutiqaatBanner -->
        <test-method status="FAIL" signature="guestCheckoutcod()[pri:3, instance:Boutiqaat.Boutiqaat.TestBaseBoutiqaat@32709393]" name="guestCheckoutcod" duration-ms="196657" started-at="2020-01-15T12:53:50Z" finished-at="2020-01-15T12:57:07Z">
          <exception class="org.openqa.selenium.NoSuchElementException">
            <message>
              <![CDATA[Can't locate an element by this strategy: By.chained({By.xpath: //android.widget.EditText[@text='Avenue']})]]>
            </message>
            <full-stacktrace>
              <![CDATA[org.openqa.selenium.NoSuchElementException: Can't locate an element by this strategy: By.chained({By.xpath: //android.widget.EditText[@text='Avenue']})
	at io.appium.java_client.pagefactory.AppiumElementLocator.findElement(AppiumElementLocator.java:126)
	at io.appium.java_client.pagefactory.interceptors.InterceptorOfASingleElement.intercept(InterceptorOfASingleElement.java:59)
	at io.appium.java_client.android.AndroidElement$$EnhancerByCGLIB$$b598166c.sendKeys(<generated>)
	at BoutiqaatPages.CheckoutCodWithBrands.enteravenue(CheckoutCodWithBrands.java:288)
	at Boutiqaat.Boutiqaat.TestBaseBoutiqaat.guestCheckoutcod(TestBaseBoutiqaat.java:278)
	at sun.reflect.NativeMethodAccessorImpl.invoke0(Native Method)
	at sun.reflect.NativeMethodAccessorImpl.invoke(NativeMethodAccessorImpl.java:62)
	at sun.reflect.DelegatingMethodAccessorImpl.invoke(DelegatingMethodAccessorImpl.java:43)
	at java.lang.reflect.Method.invoke(Method.java:498)
	at org.testng.internal.MethodInvocationHelper.invokeMethod(MethodInvocationHelper.java:108)
	at org.testng.internal.Invoker.invokeMethod(Invoker.java:661)
	at org.testng.internal.Invoker.invokeTestMethod(Invoker.java:869)
	at org.testng.internal.Invoker.invokeTestMethods(Invoker.java:1193)
	at org.testng.internal.TestMethodWorker.invokeTestMethods(TestMethodWorker.java:126)
	at org.testng.internal.TestMethodWorker.run(TestMethodWorker.java:109)
	at org.testng.TestRunner.privateRun(TestRunner.java:744)
	at org.testng.TestRunner.run(TestRunner.java:602)
	at org.testng.SuiteRunner.runTest(SuiteRunner.java:380)
	at org.testng.SuiteRunner.runSequentially(SuiteRunner.java:375)
	at org.testng.SuiteRunner.privateRun(SuiteRunner.java:340)
	at org.testng.SuiteRunner.run(SuiteRunner.java:289)
	at org.testng.SuiteRunnerWorker.runSuite(SuiteRunnerWorker.java:52)
	at org.testng.SuiteRunnerWorker.run(SuiteRunnerWorker.java:86)
	at org.testng.TestNG.runSuitesSequentially(TestNG.java:1301)
	at org.testng.TestNG.runSuitesLocally(TestNG.java:1226)
	at org.testng.TestNG.runSuites(TestNG.java:1144)
	at org.testng.TestNG.run(TestNG.java:1115)
	at org.testng.remote.AbstractRemoteTestNG.run(AbstractRemoteTestNG.java:114)
	at org.testng.remote.RemoteTestNG.initAndRun(RemoteTestNG.java:251)
	at org.testng.remote.RemoteTestNG.main(RemoteTestNG.java:77)
Caused by: org.openqa.selenium.TimeoutException: Expected condition failed: waiting for io.appium.java_client.pagefactory.AppiumElementLocator$WaitingFunction@1e7aa82b (tried for 1 second(s) with 500 milliseconds interval)
	at org.openqa.selenium.support.ui.FluentWait.timeoutException(FluentWait.java:304)
	at org.openqa.selenium.support.ui.FluentWait.until(FluentWait.java:272)
	at io.appium.java_client.pagefactory.AppiumElementLocator.waitFor(AppiumElementLocator.java:99)
	at io.appium.java_client.pagefactory.AppiumElementLocator.findElement(AppiumElementLocator.java:119)
	... 29 more
Caused by: org.openqa.selenium.NoSuchElementException: Cannot locate an element using By.chained({By.xpath: //android.widget.EditText[@text='Avenue']})
For documentation on this error, please visit: https://www.seleniumhq.org/exceptions/no_such_element.html
Build info: version: '3.141.59', revision: 'e82be7d358', time: '2018-11-14T08:17:03'
System info: host: 'PRADEEP_SINGH', ip: '192.168.43.77', os.name: 'Windows 10', os.arch: 'amd64', os.version: '10.0', java.version: '1.8.0_171'
Driver info: driver.version: AndroidDriver
	at io.appium.java_client.pagefactory.bys.builder.ByChained.findElement(ByChained.java:74)
	at org.openqa.selenium.remote.RemoteWebDriver.findElement(RemoteWebDriver.java:315)
	at io.appium.java_client.DefaultGenericMobileDriver.findElement(DefaultGenericMobileDriver.java:57)
	at io.appium.java_client.AppiumDriver.findElement(AppiumDriver.java:1)
	at io.appium.java_client.android.AndroidDriver.findElement(AndroidDriver.java:1)
	at io.appium.java_client.pagefactory.bys.ContentMappedBy.findElement(ContentMappedBy.java:50)
	at org.openqa.selenium.remote.RemoteWebDriver.findElement(RemoteWebDriver.java:315)
	at io.appium.java_client.DefaultGenericMobileDriver.findElement(DefaultGenericMobileDriver.java:57)
	at io.appium.java_client.AppiumDriver.findElement(AppiumDriver.java:1)
	at io.appium.java_client.android.AndroidDriver.findElement(AndroidDriver.java:1)
	at io.appium.java_client.pagefactory.AppiumElementLocator.lambda$0(AppiumElementLocator.java:120)
	at io.appium.java_client.pagefactory.AppiumElementLocator$WaitingFunction.apply(AppiumElementLocator.java:172)
	at io.appium.java_client.pagefactory.AppiumElementLocator$WaitingFunction.apply(AppiumElementLocator.java:1)
	at org.openqa.selenium.support.ui.FluentWait.until(FluentWait.java:249)
	... 31 more
]]>
            </full-stacktrace>
          </exception> <!-- org.openqa.selenium.NoSuchElementException -->
          <reporter-output>
          </reporter-output>
        </test-method> <!-- guestCheckoutcod -->
        <test-method status="PASS" signature="stopServer()[pri:0, instance:Boutiqaat.Boutiqaat.TestBaseBoutiqaat@32709393]" name="stopServer" is-config="true" duration-ms="58" started-at="2020-01-15T12:57:08Z" finished-at="2020-01-15T12:57:08Z">
          <reporter-output>
          </reporter-output>
        </test-method> <!-- stopServer -->
        <test-method status="PASS" signature="flashextentreport()[pri:0, instance:Boutiqaat.Boutiqaat.TestBaseBoutiqaat@32709393]" name="flashextentreport" is-config="true" duration-ms="423" started-at="2020-01-15T12:57:08Z" finished-at="2020-01-15T12:57:09Z">
          <reporter-output>
          </reporter-output>
        </test-method> <!-- flashextentreport -->
      </class> <!-- Boutiqaat.Boutiqaat.TestBaseBoutiqaat -->
    </test> <!-- Default test -->
  </suite> <!-- Default suite -->
</testng-results>
